# JRE version: OpenJDK Runtime Environment Temurin-21.0.10+7 (21.0.10+7) (build 21.0.10+7-LTS)
# Java VM: OpenJDK 64-Bit Server VM Temurin-21.0.10+7 (21.0.10+7-LTS, mixed mode, sharing, tiered, compressed oops, compressed class ptrs, parallel gc, windows-amd64)
GC Precious Log:
 CardTable entry size: 512
 CPUs: 12 total, 12 available
 Memory: 16055M
 Large Page Support: Disabled
 NUMA Support: Disabled
 Compressed Oops: Enabled (32-bit)
 Alignments: Space 512K, Generation 512K, Heap 2M
 Heap Min Capacity: 100M
 Heap Initial Capacity: 100M
 Heap Max Capacity: 2G
 Pre-touch: Disabled
 Parallel Workers: 10
Heap:
 PSYoungGen      total 12800K, used 7581K [0x00000000d5580000, 0x00000000d6500000, 0x0000000100000000)
  eden space 11776K, 55% used [0x00000000d5580000,0x00000000d5be7580,0x00000000d6100000)
  from space 1024K, 100% used [0x00000000d6300000,0x00000000d6400000,0x00000000d6400000)
  to   space 1024K, 0% used [0x00000000d6400000,0x00000000d6400000,0x00000000d6500000)
 ParOldGen       total 68608K, used 63297K [0x0000000080000000, 0x0000000084300000, 0x00000000d5580000)
  object space 68608K, 92% used [0x0000000080000000,0x0000000083dd0460,0x0000000084300000)
 Metaspace       used 56757K, committed 58112K, reserved 1114112K
  class space    used 6158K, committed 6784K, reserved 1048576K
GC Heap History (20 events):
Event: 12.933 GC heap before
{Heap before GC invocations=36 (full 2):
 PSYoungGen      total 14336K, used 14329K [0x00000000d5580000, 0x00000000d6780000, 0x0000000100000000)
  eden space 13312K, 100% used [0x00000000d5580000,0x00000000d6280000,0x00000000d6280000)
  from space 1024K, 99% used [0x00000000d6600000,0x00000000d66fe440,0x00000000d6700000)
  to   space 512K, 0% used [0x00000000d6700000,0x00000000d6700000,0x00000000d6780000)
 ParOldGen       total 68608K, used 54071K [0x0000000080000000, 0x0000000084300000, 0x00000000d5580000)
  object space 68608K, 78% used [0x0000000080000000,0x00000000834cdc08,0x0000000084300000)
 Metaspace       used 50741K, committed 52096K, reserved 1114112K
  class space    used 5576K, committed 6208K, reserved 1048576K
}
Event: 12.936 GC heap after
{Heap after GC invocations=36 (full 2):
 PSYoungGen      total 13824K, used 510K [0x00000000d5580000, 0x00000000d6780000, 0x0000000100000000)
  eden space 13312K, 0% used [0x00000000d5580000,0x00000000d5580000,0x00000000d6280000)
  from space 512K, 99% used [0x00000000d6700000,0x00000000d677f9c0,0x00000000d6780000)
  to   space 2048K, 0% used [0x00000000d6380000,0x00000000d6380000,0x00000000d6580000)
 ParOldGen       total 68608K, used 55257K [0x0000000080000000, 0x0000000084300000, 0x00000000d5580000)
  object space 68608K, 80% used [0x0000000080000000,0x00000000835f67e0,0x0000000084300000)
 Metaspace       used 50741K, committed 52096K, reserved 1114112K
  class space    used 5576K, committed 6208K, reserved 1048576K
}
Event: 13.452 GC heap before
{Heap before GC invocations=37 (full 2):
 PSYoungGen      total 13824K, used 13822K [0x00000000d5580000, 0x00000000d6780000, 0x0000000100000000)
  eden space 13312K, 100% used [0x00000000d5580000,0x00000000d6280000,0x00000000d6280000)
  from space 512K, 99% used [0x00000000d6700000,0x00000000d677f9c0,0x00000000d6780000)
  to   space 2048K, 0% used [0x00000000d6380000,0x00000000d6380000,0x00000000d6580000)
 ParOldGen       total 68608K, used 55257K [0x0000000080000000, 0x0000000084300000, 0x00000000d5580000)
  object space 68608K, 80% used [0x0000000080000000,0x00000000835f67e0,0x0000000084300000)
 Metaspace       used 51214K, committed 52608K, reserved 1114112K
  class space    used 5648K, committed 6336K, reserved 1048576K
}
Event: 13.454 GC heap after
{Heap after GC invocations=37 (full 2):
 PSYoungGen      total 15360K, used 288K [0x00000000d5580000, 0x00000000d6780000, 0x0000000100000000)
  eden space 13312K, 0% used [0x00000000d5580000,0x00000000d5580000,0x00000000d6280000)
  from space 2048K, 14% used [0x00000000d6380000,0x00000000d63c8000,0x00000000d6580000)
  to   space 1024K, 0% used [0x00000000d6680000,0x00000000d6680000,0x00000000d6780000)
 ParOldGen       total 68608K, used 55710K [0x0000000080000000, 0x0000000084300000, 0x00000000d5580000)
  object space 68608K, 81% used [0x0000000080000000,0x0000000083667890,0x0000000084300000)
 Metaspace       used 51214K, committed 52608K, reserved 1114112K
  class space    used 5648K, committed 6336K, reserved 1048576K
}
Event: 13.738 GC heap before
{Heap before GC invocations=38 (full 2):
 PSYoungGen      total 15360K, used 13600K [0x00000000d5580000, 0x00000000d6780000, 0x0000000100000000)
  eden space 13312K, 100% used [0x00000000d5580000,0x00000000d6280000,0x00000000d6280000)
  from space 2048K, 14% used [0x00000000d6380000,0x00000000d63c8000,0x00000000d6580000)
  to   space 1024K, 0% used [0x00000000d6680000,0x00000000d6680000,0x00000000d6780000)
 ParOldGen       total 68608K, used 55710K [0x0000000080000000, 0x0000000084300000, 0x00000000d5580000)
  object space 68608K, 81% used [0x0000000080000000,0x0000000083667890,0x0000000084300000)
 Metaspace       used 51938K, committed 53312K, reserved 1114112K
  class space    used 5723K, committed 6400K, reserved 1048576K
}
Event: 13.740 GC heap after
{Heap after GC invocations=38 (full 2):
 PSYoungGen      total 13824K, used 352K [0x00000000d5580000, 0x00000000d6700000, 0x0000000100000000)
  eden space 13312K, 0% used [0x00000000d5580000,0x00000000d5580000,0x00000000d6280000)
  from space 512K, 68% used [0x00000000d6680000,0x00000000d66d8000,0x00000000d6700000)
  to   space 512K, 0% used [0x00000000d6600000,0x00000000d6600000,0x00000000d6680000)
 ParOldGen       total 68608K, used 55902K [0x0000000080000000, 0x0000000084300000, 0x00000000d5580000)
  object space 68608K, 81% used [0x0000000080000000,0x0000000083697890,0x0000000084300000)
 Metaspace       used 51938K, committed 53312K, reserved 1114112K
  class space    used 5723K, committed 6400K, reserved 1048576K
}
Event: 13.936 GC heap before
{Heap before GC invocations=39 (full 2):
 PSYoungGen      total 13824K, used 13664K [0x00000000d5580000, 0x00000000d6700000, 0x0000000100000000)
  eden space 13312K, 100% used [0x00000000d5580000,0x00000000d6280000,0x00000000d6280000)
  from space 512K, 68% used [0x00000000d6680000,0x00000000d66d8000,0x00000000d6700000)
  to   space 512K, 0% used [0x00000000d6600000,0x00000000d6600000,0x00000000d6680000)
 ParOldGen       total 68608K, used 55902K [0x0000000080000000, 0x0000000084300000, 0x00000000d5580000)
  object space 68608K, 81% used [0x0000000080000000,0x0000000083697890,0x0000000084300000)
 Metaspace       used 52499K, committed 53824K, reserved 1114112K
  class space    used 5775K, committed 6400K, reserved 1048576K
}
Event: 13.937 GC heap after
{Heap after GC invocations=39 (full 2):
 PSYoungGen      total 13824K, used 500K [0x00000000d5580000, 0x00000000d6a80000, 0x0000000100000000)
  eden space 13312K, 0% used [0x00000000d5580000,0x00000000d5580000,0x00000000d6280000)
  from space 512K, 97% used [0x00000000d6600000,0x00000000d667d058,0x00000000d6680000)
  to   space 4096K, 0% used [0x00000000d6680000,0x00000000d6680000,0x00000000d6a80000)
 ParOldGen       total 68608K, used 58517K [0x0000000080000000, 0x0000000084300000, 0x00000000d5580000)
  object space 68608K, 85% used [0x0000000080000000,0x0000000083925670,0x0000000084300000)
 Metaspace       used 52499K, committed 53824K, reserved 1114112K
  class space    used 5775K, committed 6400K, reserved 1048576K
}
Event: 14.149 GC heap before
{Heap before GC invocations=40 (full 2):
 PSYoungGen      total 13824K, used 13812K [0x00000000d5580000, 0x00000000d6a80000, 0x0000000100000000)
  eden space 13312K, 100% used [0x00000000d5580000,0x00000000d6280000,0x00000000d6280000)
  from space 512K, 97% used [0x00000000d6600000,0x00000000d667d058,0x00000000d6680000)
  to   space 4096K, 0% used [0x00000000d6680000,0x00000000d6680000,0x00000000d6a80000)
 ParOldGen       total 68608K, used 58517K [0x0000000080000000, 0x0000000084300000, 0x00000000d5580000)
  object space 68608K, 85% used [0x0000000080000000,0x0000000083925670,0x0000000084300000)
 Metaspace       used 53470K, committed 54848K, reserved 1114112K
  class space    used 5827K, committed 6464K, reserved 1048576K
}
Event: 14.153 GC heap after
{Heap after GC invocations=40 (full 2):
 PSYoungGen      total 15872K, used 4094K [0x00000000d5580000, 0x00000000d6d80000, 0x0000000100000000)
  eden space 11776K, 0% used [0x00000000d5580000,0x00000000d5580000,0x00000000d6100000)
  from space 4096K, 99% used [0x00000000d6680000,0x00000000d6a7fbb0,0x00000000d6a80000)
  to   space 5632K, 0% used [0x00000000d6100000,0x00000000d6100000,0x00000000d6680000)
 ParOldGen       total 68608K, used 59241K [0x0000000080000000, 0x0000000084300000, 0x00000000d5580000)
  object space 68608K, 86% used [0x0000000080000000,0x00000000839da770,0x0000000084300000)
 Metaspace       used 53470K, committed 54848K, reserved 1114112K
  class space    used 5827K, committed 6464K, reserved 1048576K
}
Event: 14.199 GC heap before
{Heap before GC invocations=41 (full 2):
 PSYoungGen      total 15872K, used 15870K [0x00000000d5580000, 0x00000000d6d80000, 0x0000000100000000)
  eden space 11776K, 100% used [0x00000000d5580000,0x00000000d6100000,0x00000000d6100000)
  from space 4096K, 99% used [0x00000000d6680000,0x00000000d6a7fbb0,0x00000000d6a80000)
  to   space 5632K, 0% used [0x00000000d6100000,0x00000000d6100000,0x00000000d6680000)
 ParOldGen       total 68608K, used 59241K [0x0000000080000000, 0x0000000084300000, 0x00000000d5580000)
  object space 68608K, 86% used [0x0000000080000000,0x00000000839da770,0x0000000084300000)
 Metaspace       used 53490K, committed 54848K, reserved 1114112K
  class space    used 5827K, committed 6464K, reserved 1048576K
}
Event: 14.203 GC heap after
{Heap after GC invocations=41 (full 2):
 PSYoungGen      total 13312K, used 1064K [0x00000000d5580000, 0x00000000d6700000, 0x0000000100000000)
  eden space 11776K, 0% used [0x00000000d5580000,0x00000000d5580000,0x00000000d6100000)
  from space 1536K, 69% used [0x00000000d6100000,0x00000000d620a340,0x00000000d6280000)
  to   space 2560K, 0% used [0x00000000d6480000,0x00000000d6480000,0x00000000d6700000)
 ParOldGen       total 68608K, used 62499K [0x0000000080000000, 0x0000000084300000, 0x00000000d5580000)
  object space 68608K, 91% used [0x0000000080000000,0x0000000083d08d18,0x0000000084300000)
 Metaspace       used 53490K, committed 54848K, reserved 1114112K
  class space    used 5827K, committed 6464K, reserved 1048576K
}
Event: 14.252 GC heap before
{Heap before GC invocations=42 (full 2):
 PSYoungGen      total 13312K, used 12840K [0x00000000d5580000, 0x00000000d6700000, 0x0000000100000000)
  eden space 11776K, 100% used [0x00000000d5580000,0x00000000d6100000,0x00000000d6100000)
  from space 1536K, 69% used [0x00000000d6100000,0x00000000d620a340,0x00000000d6280000)
  to   space 2560K, 0% used [0x00000000d6480000,0x00000000d6480000,0x00000000d6700000)
 ParOldGen       total 68608K, used 62499K [0x0000000080000000, 0x0000000084300000, 0x00000000d5580000)
  object space 68608K, 91% used [0x0000000080000000,0x0000000083d08d18,0x0000000084300000)
 Metaspace       used 53499K, committed 54848K, reserved 1114112K
  class space    used 5827K, committed 6464K, reserved 1048576K
}
Event: 14.254 GC heap after
{Heap after GC invocations=42 (full 2):
 PSYoungGen      total 12800K, used 790K [0x00000000d5580000, 0x00000000d6580000, 0x0000000100000000)
  eden space 11776K, 0% used [0x00000000d5580000,0x00000000d5580000,0x00000000d6100000)
  from space 1024K, 77% used [0x00000000d6480000,0x00000000d65459e8,0x00000000d6580000)
  to   space 1536K, 0% used [0x00000000d6280000,0x00000000d6280000,0x00000000d6400000)
 ParOldGen       total 68608K, used 62547K [0x0000000080000000, 0x0000000084300000, 0x00000000d5580000)
  object space 68608K, 91% used [0x0000000080000000,0x0000000083d14d18,0x0000000084300000)
 Metaspace       used 53499K, committed 54848K, reserved 1114112K
  class space    used 5827K, committed 6464K, reserved 1048576K
}
Event: 14.304 GC heap before
{Heap before GC invocations=43 (full 2):
 PSYoungGen      total 12800K, used 12566K [0x00000000d5580000, 0x00000000d6580000, 0x0000000100000000)
  eden space 11776K, 100% used [0x00000000d5580000,0x00000000d6100000,0x00000000d6100000)
  from space 1024K, 77% used [0x00000000d6480000,0x00000000d65459e8,0x00000000d6580000)
  to   space 1536K, 0% used [0x00000000d6280000,0x00000000d6280000,0x00000000d6400000)
 ParOldGen       total 68608K, used 62547K [0x0000000080000000, 0x0000000084300000, 0x00000000d5580000)
  object space 68608K, 91% used [0x0000000080000000,0x0000000083d14d18,0x0000000084300000)
 Metaspace       used 53820K, committed 55232K, reserved 1114112K
  class space    used 5850K, committed 6528K, reserved 1048576K
}
Event: 14.305 GC heap after
{Heap after GC invocations=43 (full 2):
 PSYoungGen      total 13312K, used 224K [0x00000000d5580000, 0x00000000d6500000, 0x0000000100000000)
  eden space 11776K, 0% used [0x00000000d5580000,0x00000000d5580000,0x00000000d6100000)
  from space 1536K, 14% used [0x00000000d6280000,0x00000000d62b8000,0x00000000d6400000)
  to   space 512K, 0% used [0x00000000d6480000,0x00000000d6480000,0x00000000d6500000)
 ParOldGen       total 68608K, used 62547K [0x0000000080000000, 0x0000000084300000, 0x00000000d5580000)
  object space 68608K, 91% used [0x0000000080000000,0x0000000083d14d18,0x0000000084300000)
 Metaspace       used 53820K, committed 55232K, reserved 1114112K
  class space    used 5850K, committed 6528K, reserved 1048576K
}
Event: 14.779 GC heap before
{Heap before GC invocations=44 (full 2):
 PSYoungGen      total 13312K, used 12000K [0x00000000d5580000, 0x00000000d6500000, 0x0000000100000000)
  eden space 11776K, 100% used [0x00000000d5580000,0x00000000d6100000,0x00000000d6100000)
  from space 1536K, 14% used [0x00000000d6280000,0x00000000d62b8000,0x00000000d6400000)
  to   space 512K, 0% used [0x00000000d6480000,0x00000000d6480000,0x00000000d6500000)
 ParOldGen       total 68608K, used 62547K [0x0000000080000000, 0x0000000084300000, 0x00000000d5580000)
  object space 68608K, 91% used [0x0000000080000000,0x0000000083d14d18,0x0000000084300000)
 Metaspace       used 55159K, committed 56576K, reserved 1114112K
  class space    used 5984K, committed 6656K, reserved 1048576K
}
Event: 14.780 GC heap after
{Heap after GC invocations=44 (full 2):
 PSYoungGen      total 12288K, used 512K [0x00000000d5580000, 0x00000000d6500000, 0x0000000100000000)
  eden space 11776K, 0% used [0x00000000d5580000,0x00000000d5580000,0x00000000d6100000)
  from space 512K, 100% used [0x00000000d6480000,0x00000000d6500000,0x00000000d6500000)
  to   space 1024K, 0% used [0x00000000d6300000,0x00000000d6300000,0x00000000d6400000)
 ParOldGen       total 68608K, used 62723K [0x0000000080000000, 0x0000000084300000, 0x00000000d5580000)
  object space 68608K, 91% used [0x0000000080000000,0x0000000083d40d18,0x0000000084300000)
 Metaspace       used 55159K, committed 56576K, reserved 1114112K
  class space    used 5984K, committed 6656K, reserved 1048576K
}
Event: 15.162 GC heap before
{Heap before GC invocations=45 (full 2):
 PSYoungGen      total 12288K, used 12285K [0x00000000d5580000, 0x00000000d6500000, 0x0000000100000000)
  eden space 11776K, 99% used [0x00000000d5580000,0x00000000d60ff640,0x00000000d6100000)
  from space 512K, 100% used [0x00000000d6480000,0x00000000d6500000,0x00000000d6500000)
  to   space 1024K, 0% used [0x00000000d6300000,0x00000000d6300000,0x00000000d6400000)
 ParOldGen       total 68608K, used 62723K [0x0000000080000000, 0x0000000084300000, 0x00000000d5580000)
  object space 68608K, 91% used [0x0000000080000000,0x0000000083d40d18,0x0000000084300000)
 Metaspace       used 56420K, committed 57792K, reserved 1114112K
  class space    used 6135K, committed 6784K, reserved 1048576K
}
Event: 15.166 GC heap after
{Heap after GC invocations=45 (full 2):
 PSYoungGen      total 12800K, used 1024K [0x00000000d5580000, 0x00000000d6500000, 0x0000000100000000)
  eden space 11776K, 0% used [0x00000000d5580000,0x00000000d5580000,0x00000000d6100000)
  from space 1024K, 100% used [0x00000000d6300000,0x00000000d6400000,0x00000000d6400000)
  to   space 1024K, 0% used [0x00000000d6400000,0x00000000d6400000,0x00000000d6500000)
 ParOldGen       total 68608K, used 63297K [0x0000000080000000, 0x0000000084300000, 0x00000000d5580000)
  object space 68608K, 92% used [0x0000000080000000,0x0000000083dd0460,0x0000000084300000)
 Metaspace       used 56420K, committed 57792K, reserved 1114112K
  class space    used 6135K, committed 6784K, reserved 1048576K
}

