# JRE version: OpenJDK Runtime Environment Temurin-21.0.10+7 (21.0.10+7) (build 21.0.10+7-LTS)
# Java VM: OpenJDK 64-Bit Server VM Temurin-21.0.10+7 (21.0.10+7-LTS, mixed mode, sharing, tiered, compressed oops, compressed class ptrs, parallel gc, windows-amd64)
GC Precious Log:
 CardTable entry size: 512
 CPUs: 12 total, 12 available
 Memory: 16055M
 Large Page Support: Disabled
 NUMA Support: Disabled
 Compressed Oops: Enabled (32-bit)
 Alignments: Space 512K, Generation 512K, Heap 2M
 Heap Min Capacity: 100M
 Heap Initial Capacity: 100M
 Heap Max Capacity: 2G
 Pre-touch: Disabled
 Parallel Workers: 10
Heap:
 PSYoungGen      total 11776K, used 1258K [0x00000000d5580000, 0x00000000d6480000, 0x0000000100000000)
  eden space 11264K, 6% used [0x00000000d5580000,0x00000000d563a858,0x00000000d6080000)
  from space 512K, 100% used [0x00000000d6400000,0x00000000d6480000,0x00000000d6480000)
  to   space 1536K, 0% used [0x00000000d6180000,0x00000000d6180000,0x00000000d6300000)
 ParOldGen       total 78848K, used 78692K [0x0000000080000000, 0x0000000084d00000, 0x00000000d5580000)
  object space 78848K, 99% used [0x0000000080000000,0x0000000084cd9208,0x0000000084d00000)
 Metaspace       used 59362K, committed 60800K, reserved 1114112K
  class space    used 6339K, committed 6976K, reserved 1048576K
GC Heap History (20 events):
Event: 21.978 GC heap before
{Heap before GC invocations=44 (full 2):
 PSYoungGen      total 13824K, used 13818K [0x00000000d5580000, 0x00000000d6d80000, 0x0000000100000000)
  eden space 11264K, 100% used [0x00000000d5580000,0x00000000d6080000,0x00000000d6080000)
  from space 2560K, 99% used [0x00000000d6080000,0x00000000d62fe858,0x00000000d6300000)
  to   space 6656K, 0% used [0x00000000d6700000,0x00000000d6700000,0x00000000d6d80000)
 ParOldGen       total 68608K, used 66545K [0x0000000080000000, 0x0000000084300000, 0x00000000d5580000)
  object space 68608K, 96% used [0x0000000080000000,0x00000000840fc550,0x0000000084300000)
 Metaspace       used 57211K, committed 58496K, reserved 1114112K
  class space    used 6173K, committed 6784K, reserved 1048576K
}
Event: 21.982 GC heap after
{Heap after GC invocations=44 (full 2):
 PSYoungGen      total 13312K, used 1822K [0x00000000d5580000, 0x00000000d6900000, 0x0000000100000000)
  eden space 11264K, 0% used [0x00000000d5580000,0x00000000d5580000,0x00000000d6080000)
  from space 2048K, 89% used [0x00000000d6700000,0x00000000d68c7ba0,0x00000000d6900000)
  to   space 3584K, 0% used [0x00000000d6200000,0x00000000d6200000,0x00000000d6580000)
 ParOldGen       total 69120K, used 69085K [0x0000000080000000, 0x0000000084380000, 0x00000000d5580000)
  object space 69120K, 99% used [0x0000000080000000,0x00000000843774f8,0x0000000084380000)
 Metaspace       used 57211K, committed 58496K, reserved 1114112K
  class space    used 6173K, committed 6784K, reserved 1048576K
}
Event: 22.425 GC heap before
{Heap before GC invocations=45 (full 2):
 PSYoungGen      total 13312K, used 13086K [0x00000000d5580000, 0x00000000d6900000, 0x0000000100000000)
  eden space 11264K, 100% used [0x00000000d5580000,0x00000000d6080000,0x00000000d6080000)
  from space 2048K, 89% used [0x00000000d6700000,0x00000000d68c7ba0,0x00000000d6900000)
  to   space 3584K, 0% used [0x00000000d6200000,0x00000000d6200000,0x00000000d6580000)
 ParOldGen       total 69120K, used 69085K [0x0000000080000000, 0x0000000084380000, 0x00000000d5580000)
  object space 69120K, 99% used [0x0000000080000000,0x00000000843774f8,0x0000000084380000)
 Metaspace       used 57970K, committed 59264K, reserved 1114112K
  class space    used 6245K, committed 6848K, reserved 1048576K
}
Event: 22.430 GC heap after
{Heap after GC invocations=45 (full 2):
 PSYoungGen      total 14848K, used 1600K [0x00000000d5580000, 0x00000000d6780000, 0x0000000100000000)
  eden space 11264K, 0% used [0x00000000d5580000,0x00000000d5580000,0x00000000d6080000)
  from space 3584K, 44% used [0x00000000d6200000,0x00000000d6390000,0x00000000d6580000)
  to   space 2048K, 0% used [0x00000000d6580000,0x00000000d6580000,0x00000000d6780000)
 ParOldGen       total 70656K, used 70577K [0x0000000080000000, 0x0000000084500000, 0x00000000d5580000)
  object space 70656K, 99% used [0x0000000080000000,0x00000000844ec650,0x0000000084500000)
 Metaspace       used 57970K, committed 59264K, reserved 1114112K
  class space    used 6245K, committed 6848K, reserved 1048576K
}
Event: 22.834 GC heap before
{Heap before GC invocations=46 (full 2):
 PSYoungGen      total 14848K, used 12864K [0x00000000d5580000, 0x00000000d6780000, 0x0000000100000000)
  eden space 11264K, 100% used [0x00000000d5580000,0x00000000d6080000,0x00000000d6080000)
  from space 3584K, 44% used [0x00000000d6200000,0x00000000d6390000,0x00000000d6580000)
  to   space 2048K, 0% used [0x00000000d6580000,0x00000000d6580000,0x00000000d6780000)
 ParOldGen       total 70656K, used 70577K [0x0000000080000000, 0x0000000084500000, 0x00000000d5580000)
  object space 70656K, 99% used [0x0000000080000000,0x00000000844ec650,0x0000000084500000)
 Metaspace       used 58419K, committed 59776K, reserved 1114112K
  class space    used 6283K, committed 6912K, reserved 1048576K
}
Event: 22.839 GC heap after
{Heap after GC invocations=46 (full 2):
 PSYoungGen      total 12800K, used 1408K [0x00000000d5580000, 0x00000000d6700000, 0x0000000100000000)
  eden space 11264K, 0% used [0x00000000d5580000,0x00000000d5580000,0x00000000d6080000)
  from space 1536K, 91% used [0x00000000d6580000,0x00000000d66e0000,0x00000000d6700000)
  to   space 1536K, 0% used [0x00000000d6400000,0x00000000d6400000,0x00000000d6580000)
 ParOldGen       total 72192K, used 71969K [0x0000000080000000, 0x0000000084680000, 0x00000000d5580000)
  object space 72192K, 99% used [0x0000000080000000,0x0000000084648758,0x0000000084680000)
 Metaspace       used 58419K, committed 59776K, reserved 1114112K
  class space    used 6283K, committed 6912K, reserved 1048576K
}
Event: 23.277 GC heap before
{Heap before GC invocations=47 (full 2):
 PSYoungGen      total 12800K, used 12672K [0x00000000d5580000, 0x00000000d6700000, 0x0000000100000000)
  eden space 11264K, 100% used [0x00000000d5580000,0x00000000d6080000,0x00000000d6080000)
  from space 1536K, 91% used [0x00000000d6580000,0x00000000d66e0000,0x00000000d6700000)
  to   space 1536K, 0% used [0x00000000d6400000,0x00000000d6400000,0x00000000d6580000)
 ParOldGen       total 72192K, used 71969K [0x0000000080000000, 0x0000000084680000, 0x00000000d5580000)
  object space 72192K, 99% used [0x0000000080000000,0x0000000084648758,0x0000000084680000)
 Metaspace       used 58541K, committed 59968K, reserved 1114112K
  class space    used 6284K, committed 6912K, reserved 1048576K
}
Event: 23.281 GC heap after
{Heap after GC invocations=47 (full 2):
 PSYoungGen      total 12800K, used 1312K [0x00000000d5580000, 0x00000000d6600000, 0x0000000100000000)
  eden space 11264K, 0% used [0x00000000d5580000,0x00000000d5580000,0x00000000d6080000)
  from space 1536K, 85% used [0x00000000d6400000,0x00000000d6548000,0x00000000d6580000)
  to   space 512K, 0% used [0x00000000d6580000,0x00000000d6580000,0x00000000d6600000)
 ParOldGen       total 73216K, used 73185K [0x0000000080000000, 0x0000000084780000, 0x00000000d5580000)
  object space 73216K, 99% used [0x0000000080000000,0x0000000084778758,0x0000000084780000)
 Metaspace       used 58541K, committed 59968K, reserved 1114112K
  class space    used 6284K, committed 6912K, reserved 1048576K
}
Event: 23.742 GC heap before
{Heap before GC invocations=48 (full 2):
 PSYoungGen      total 12800K, used 12576K [0x00000000d5580000, 0x00000000d6600000, 0x0000000100000000)
  eden space 11264K, 100% used [0x00000000d5580000,0x00000000d6080000,0x00000000d6080000)
  from space 1536K, 85% used [0x00000000d6400000,0x00000000d6548000,0x00000000d6580000)
  to   space 512K, 0% used [0x00000000d6580000,0x00000000d6580000,0x00000000d6600000)
 ParOldGen       total 73216K, used 73185K [0x0000000080000000, 0x0000000084780000, 0x00000000d5580000)
  object space 73216K, 99% used [0x0000000080000000,0x0000000084778758,0x0000000084780000)
 Metaspace       used 58677K, committed 60032K, reserved 1114112K
  class space    used 6284K, committed 6912K, reserved 1048576K
}
Event: 23.744 GC heap after
{Heap after GC invocations=48 (full 2):
 PSYoungGen      total 11776K, used 512K [0x00000000d5580000, 0x00000000d6600000, 0x0000000100000000)
  eden space 11264K, 0% used [0x00000000d5580000,0x00000000d5580000,0x00000000d6080000)
  from space 512K, 100% used [0x00000000d6580000,0x00000000d6600000,0x00000000d6600000)
  to   space 2560K, 0% used [0x00000000d6100000,0x00000000d6100000,0x00000000d6380000)
 ParOldGen       total 74752K, used 74649K [0x0000000080000000, 0x0000000084900000, 0x00000000d5580000)
  object space 74752K, 99% used [0x0000000080000000,0x00000000848e6768,0x0000000084900000)
 Metaspace       used 58677K, committed 60032K, reserved 1114112K
  class space    used 6284K, committed 6912K, reserved 1048576K
}
Event: 23.935 GC heap before
{Heap before GC invocations=49 (full 2):
 PSYoungGen      total 11776K, used 11776K [0x00000000d5580000, 0x00000000d6600000, 0x0000000100000000)
  eden space 11264K, 100% used [0x00000000d5580000,0x00000000d6080000,0x00000000d6080000)
  from space 512K, 100% used [0x00000000d6580000,0x00000000d6600000,0x00000000d6600000)
  to   space 2560K, 0% used [0x00000000d6100000,0x00000000d6100000,0x00000000d6380000)
 ParOldGen       total 74752K, used 74649K [0x0000000080000000, 0x0000000084900000, 0x00000000d5580000)
  object space 74752K, 99% used [0x0000000080000000,0x00000000848e6768,0x0000000084900000)
 Metaspace       used 58792K, committed 60160K, reserved 1114112K
  class space    used 6286K, committed 6912K, reserved 1048576K
}
Event: 23.937 GC heap after
{Heap after GC invocations=49 (full 2):
 PSYoungGen      total 13824K, used 832K [0x00000000d5580000, 0x00000000d6600000, 0x0000000100000000)
  eden space 11264K, 0% used [0x00000000d5580000,0x00000000d5580000,0x00000000d6080000)
  from space 2560K, 32% used [0x00000000d6100000,0x00000000d61d0000,0x00000000d6380000)
  to   space 1536K, 0% used [0x00000000d6480000,0x00000000d6480000,0x00000000d6600000)
 ParOldGen       total 75264K, used 75041K [0x0000000080000000, 0x0000000084980000, 0x00000000d5580000)
  object space 75264K, 99% used [0x0000000080000000,0x0000000084948768,0x0000000084980000)
 Metaspace       used 58792K, committed 60160K, reserved 1114112K
  class space    used 6286K, committed 6912K, reserved 1048576K
}
Event: 24.092 GC heap before
{Heap before GC invocations=50 (full 2):
 PSYoungGen      total 13824K, used 12096K [0x00000000d5580000, 0x00000000d6600000, 0x0000000100000000)
  eden space 11264K, 100% used [0x00000000d5580000,0x00000000d6080000,0x00000000d6080000)
  from space 2560K, 32% used [0x00000000d6100000,0x00000000d61d0000,0x00000000d6380000)
  to   space 1536K, 0% used [0x00000000d6480000,0x00000000d6480000,0x00000000d6600000)
 ParOldGen       total 75264K, used 75041K [0x0000000080000000, 0x0000000084980000, 0x00000000d5580000)
  object space 75264K, 99% used [0x0000000080000000,0x0000000084948768,0x0000000084980000)
 Metaspace       used 59126K, committed 60480K, reserved 1114112K
  class space    used 6333K, committed 6976K, reserved 1048576K
}
Event: 24.095 GC heap after
{Heap after GC invocations=50 (full 2):
 PSYoungGen      total 12800K, used 1376K [0x00000000d5580000, 0x00000000d6600000, 0x0000000100000000)
  eden space 11264K, 0% used [0x00000000d5580000,0x00000000d5580000,0x00000000d6080000)
  from space 1536K, 89% used [0x00000000d6480000,0x00000000d65d8020,0x00000000d6600000)
  to   space 1536K, 0% used [0x00000000d6300000,0x00000000d6300000,0x00000000d6480000)
 ParOldGen       total 75776K, used 75551K [0x0000000080000000, 0x0000000084a00000, 0x00000000d5580000)
  object space 75776K, 99% used [0x0000000080000000,0x00000000849c7de0,0x0000000084a00000)
 Metaspace       used 59126K, committed 60480K, reserved 1114112K
  class space    used 6333K, committed 6976K, reserved 1048576K
}
Event: 24.160 GC heap before
{Heap before GC invocations=51 (full 2):
 PSYoungGen      total 12800K, used 12640K [0x00000000d5580000, 0x00000000d6600000, 0x0000000100000000)
  eden space 11264K, 100% used [0x00000000d5580000,0x00000000d6080000,0x00000000d6080000)
  from space 1536K, 89% used [0x00000000d6480000,0x00000000d65d8020,0x00000000d6600000)
  to   space 1536K, 0% used [0x00000000d6300000,0x00000000d6300000,0x00000000d6480000)
 ParOldGen       total 75776K, used 75551K [0x0000000080000000, 0x0000000084a00000, 0x00000000d5580000)
  object space 75776K, 99% used [0x0000000080000000,0x00000000849c7de0,0x0000000084a00000)
 Metaspace       used 59152K, committed 60544K, reserved 1114112K
  class space    used 6334K, committed 6976K, reserved 1048576K
}
Event: 24.163 GC heap after
{Heap after GC invocations=51 (full 2):
 PSYoungGen      total 12288K, used 1024K [0x00000000d5580000, 0x00000000d6500000, 0x0000000100000000)
  eden space 11264K, 0% used [0x00000000d5580000,0x00000000d5580000,0x00000000d6080000)
  from space 1024K, 100% used [0x00000000d6300000,0x00000000d6400000,0x00000000d6400000)
  to   space 1024K, 0% used [0x00000000d6400000,0x00000000d6400000,0x00000000d6500000)
 ParOldGen       total 76800K, used 76542K [0x0000000080000000, 0x0000000084b00000, 0x00000000d5580000)
  object space 76800K, 99% used [0x0000000080000000,0x0000000084abfaf0,0x0000000084b00000)
 Metaspace       used 59152K, committed 60544K, reserved 1114112K
  class space    used 6334K, committed 6976K, reserved 1048576K
}
Event: 24.249 GC heap before
{Heap before GC invocations=52 (full 2):
 PSYoungGen      total 12288K, used 12288K [0x00000000d5580000, 0x00000000d6500000, 0x0000000100000000)
  eden space 11264K, 100% used [0x00000000d5580000,0x00000000d6080000,0x00000000d6080000)
  from space 1024K, 100% used [0x00000000d6300000,0x00000000d6400000,0x00000000d6400000)
  to   space 1024K, 0% used [0x00000000d6400000,0x00000000d6400000,0x00000000d6500000)
 ParOldGen       total 76800K, used 76542K [0x0000000080000000, 0x0000000084b00000, 0x00000000d5580000)
  object space 76800K, 99% used [0x0000000080000000,0x0000000084abfaf0,0x0000000084b00000)
 Metaspace       used 59213K, committed 60608K, reserved 1114112K
  class space    used 6334K, committed 6976K, reserved 1048576K
}
Event: 24.252 GC heap after
{Heap after GC invocations=52 (full 2):
 PSYoungGen      total 12288K, used 960K [0x00000000d5580000, 0x00000000d6500000, 0x0000000100000000)
  eden space 11264K, 0% used [0x00000000d5580000,0x00000000d5580000,0x00000000d6080000)
  from space 1024K, 93% used [0x00000000d6400000,0x00000000d64f0000,0x00000000d6500000)
  to   space 1024K, 0% used [0x00000000d6300000,0x00000000d6300000,0x00000000d6400000)
 ParOldGen       total 77824K, used 77382K [0x0000000080000000, 0x0000000084c00000, 0x00000000d5580000)
  object space 77824K, 99% used [0x0000000080000000,0x0000000084b91af0,0x0000000084c00000)
 Metaspace       used 59213K, committed 60608K, reserved 1114112K
  class space    used 6334K, committed 6976K, reserved 1048576K
}
Event: 24.343 GC heap before
{Heap before GC invocations=53 (full 2):
 PSYoungGen      total 12288K, used 12224K [0x00000000d5580000, 0x00000000d6500000, 0x0000000100000000)
  eden space 11264K, 100% used [0x00000000d5580000,0x00000000d6080000,0x00000000d6080000)
  from space 1024K, 93% used [0x00000000d6400000,0x00000000d64f0000,0x00000000d6500000)
  to   space 1024K, 0% used [0x00000000d6300000,0x00000000d6300000,0x00000000d6400000)
 ParOldGen       total 77824K, used 77382K [0x0000000080000000, 0x0000000084c00000, 0x00000000d5580000)
  object space 77824K, 99% used [0x0000000080000000,0x0000000084b91af0,0x0000000084c00000)
 Metaspace       used 59260K, committed 60672K, reserved 1114112K
  class space    used 6336K, committed 6976K, reserved 1048576K
}
Event: 24.346 GC heap after
{Heap after GC invocations=53 (full 2):
 PSYoungGen      total 12288K, used 992K [0x00000000d5580000, 0x00000000d6480000, 0x0000000100000000)
  eden space 11264K, 0% used [0x00000000d5580000,0x00000000d5580000,0x00000000d6080000)
  from space 1024K, 96% used [0x00000000d6300000,0x00000000d63f8010,0x00000000d6400000)
  to   space 512K, 0% used [0x00000000d6400000,0x00000000d6400000,0x00000000d6480000)
 ParOldGen       total 78336K, used 77966K [0x0000000080000000, 0x0000000084c80000, 0x00000000d5580000)
  object space 78336K, 99% used [0x0000000080000000,0x0000000084c23af0,0x0000000084c80000)
 Metaspace       used 59260K, committed 60672K, reserved 1114112K
  class space    used 6336K, committed 6976K, reserved 1048576K
}

