# JRE version: OpenJDK Runtime Environment Temurin-21.0.10+7 (21.0.10+7) (build 21.0.10+7-LTS)
# Java VM: OpenJDK 64-Bit Server VM Temurin-21.0.10+7 (21.0.10+7-LTS, mixed mode, sharing, tiered, compressed oops, compressed class ptrs, parallel gc, windows-amd64)
GC Precious Log:
 CardTable entry size: 512
 CPUs: 12 total, 12 available
 Memory: 16055M
 Large Page Support: Disabled
 NUMA Support: Disabled
 Compressed Oops: Enabled (32-bit)
 Alignments: Space 512K, Generation 512K, Heap 2M
 Heap Min Capacity: 100M
 Heap Initial Capacity: 100M
 Heap Max Capacity: 2G
 Pre-touch: Disabled
 Parallel Workers: 10
Heap:
 PSYoungGen      total 13824K, used 4721K [0x00000000d5580000, 0x00000000d6780000, 0x0000000100000000)
  eden space 10240K, 15% used [0x00000000d5580000,0x00000000d5701030,0x00000000d5f80000)
  from space 3584K, 88% used [0x00000000d6400000,0x00000000d671b788,0x00000000d6780000)
  to   space 3584K, 0% used [0x00000000d6080000,0x00000000d6080000,0x00000000d6400000)
 ParOldGen       total 334848K, used 334472K [0x0000000080000000, 0x0000000094700000, 0x00000000d5580000)
  object space 334848K, 99% used [0x0000000080000000,0x00000000946a2128,0x0000000094700000)
 Metaspace       used 75000K, committed 76672K, reserved 1179648K
  class space    used 8005K, committed 8768K, reserved 1048576K
GC Heap History (20 events):
Event: 85.135 GC heap before
{Heap before GC invocations=174 (full 3):
 PSYoungGen      total 11264K, used 11072K [0x00000000d5580000, 0x00000000d6200000, 0x0000000100000000)
  eden space 10240K, 100% used [0x00000000d5580000,0x00000000d5f80000,0x00000000d5f80000)
  from space 1024K, 81% used [0x00000000d6100000,0x00000000d61d0000,0x00000000d6200000)
  to   space 1024K, 0% used [0x00000000d6000000,0x00000000d6000000,0x00000000d6100000)
 ParOldGen       total 148992K, used 148642K [0x0000000080000000, 0x0000000089180000, 0x00000000d5580000)
  object space 148992K, 99% used [0x0000000080000000,0x0000000089128850,0x0000000089180000)
 Metaspace       used 73382K, committed 74944K, reserved 1179648K
  class space    used 7836K, committed 8512K, reserved 1048576K
}
Event: 85.137 GC heap after
{Heap after GC invocations=174 (full 3):
 PSYoungGen      total 11264K, used 1007K [0x00000000d5580000, 0x00000000d6580000, 0x0000000100000000)
  eden space 10240K, 0% used [0x00000000d5580000,0x00000000d5580000,0x00000000d5f80000)
  from space 1024K, 98% used [0x00000000d6000000,0x00000000d60fbcc8,0x00000000d6100000)
  to   space 3072K, 0% used [0x00000000d6280000,0x00000000d6280000,0x00000000d6580000)
 ParOldGen       total 150528K, used 150254K [0x0000000080000000, 0x0000000089300000, 0x00000000d5580000)
  object space 150528K, 99% used [0x0000000080000000,0x00000000892bbb90,0x0000000089300000)
 Metaspace       used 73382K, committed 74944K, reserved 1179648K
  class space    used 7836K, committed 8512K, reserved 1048576K
}
Event: 85.263 GC heap before
{Heap before GC invocations=175 (full 3):
 PSYoungGen      total 11264K, used 11247K [0x00000000d5580000, 0x00000000d6580000, 0x0000000100000000)
  eden space 10240K, 100% used [0x00000000d5580000,0x00000000d5f80000,0x00000000d5f80000)
  from space 1024K, 98% used [0x00000000d6000000,0x00000000d60fbcc8,0x00000000d6100000)
  to   space 3072K, 0% used [0x00000000d6280000,0x00000000d6280000,0x00000000d6580000)
 ParOldGen       total 150528K, used 150254K [0x0000000080000000, 0x0000000089300000, 0x00000000d5580000)
  object space 150528K, 99% used [0x0000000080000000,0x00000000892bbb90,0x0000000089300000)
 Metaspace       used 73428K, committed 75008K, reserved 1179648K
  class space    used 7840K, committed 8512K, reserved 1048576K
}
Event: 85.267 GC heap after
{Heap after GC invocations=175 (full 3):
 PSYoungGen      total 12288K, used 1696K [0x00000000d5580000, 0x00000000d6480000, 0x0000000100000000)
  eden space 10240K, 0% used [0x00000000d5580000,0x00000000d5580000,0x00000000d5f80000)
  from space 2048K, 82% used [0x00000000d6280000,0x00000000d6428010,0x00000000d6480000)
  to   space 2048K, 0% used [0x00000000d6080000,0x00000000d6080000,0x00000000d6280000)
 ParOldGen       total 151552K, used 151210K [0x0000000080000000, 0x0000000089400000, 0x00000000d5580000)
  object space 151552K, 99% used [0x0000000080000000,0x00000000893aaba0,0x0000000089400000)
 Metaspace       used 73428K, committed 75008K, reserved 1179648K
  class space    used 7840K, committed 8512K, reserved 1048576K
}
Event: 85.371 GC heap before
{Heap before GC invocations=176 (full 3):
 PSYoungGen      total 12288K, used 11936K [0x00000000d5580000, 0x00000000d6480000, 0x0000000100000000)
  eden space 10240K, 100% used [0x00000000d5580000,0x00000000d5f80000,0x00000000d5f80000)
  from space 2048K, 82% used [0x00000000d6280000,0x00000000d6428010,0x00000000d6480000)
  to   space 2048K, 0% used [0x00000000d6080000,0x00000000d6080000,0x00000000d6280000)
 ParOldGen       total 151552K, used 151210K [0x0000000080000000, 0x0000000089400000, 0x00000000d5580000)
  object space 151552K, 99% used [0x0000000080000000,0x00000000893aaba0,0x0000000089400000)
 Metaspace       used 73693K, committed 75200K, reserved 1179648K
  class space    used 7866K, committed 8512K, reserved 1048576K
}
Event: 85.375 GC heap after
{Heap after GC invocations=176 (full 3):
 PSYoungGen      total 10752K, used 256K [0x00000000d5580000, 0x00000000d6300000, 0x0000000100000000)
  eden space 10240K, 0% used [0x00000000d5580000,0x00000000d5580000,0x00000000d5f80000)
  from space 512K, 50% used [0x00000000d6080000,0x00000000d60c0000,0x00000000d6100000)
  to   space 1024K, 0% used [0x00000000d6200000,0x00000000d6200000,0x00000000d6300000)
 ParOldGen       total 152576K, used 152064K [0x0000000080000000, 0x0000000089500000, 0x00000000d5580000)
  object space 152576K, 99% used [0x0000000080000000,0x0000000089480018,0x0000000089500000)
 Metaspace       used 73693K, committed 75200K, reserved 1179648K
  class space    used 7866K, committed 8512K, reserved 1048576K
}
Event: 138.652 GC heap before
{Heap before GC invocations=177 (full 3):
 PSYoungGen      total 10752K, used 10496K [0x00000000d5580000, 0x00000000d6300000, 0x0000000100000000)
  eden space 10240K, 100% used [0x00000000d5580000,0x00000000d5f80000,0x00000000d5f80000)
  from space 512K, 50% used [0x00000000d6080000,0x00000000d60c0000,0x00000000d6100000)
  to   space 1024K, 0% used [0x00000000d6200000,0x00000000d6200000,0x00000000d6300000)
 ParOldGen       total 184320K, used 182784K [0x0000000080000000, 0x000000008b400000, 0x00000000d5580000)
  object space 184320K, 99% used [0x0000000080000000,0x000000008b280048,0x000000008b400000)
 Metaspace       used 74220K, committed 75776K, reserved 1179648K
  class space    used 7928K, committed 8576K, reserved 1048576K
}
Event: 138.653 GC heap after
{Heap after GC invocations=177 (full 3):
 PSYoungGen      total 10752K, used 432K [0x00000000d5580000, 0x00000000d6280000, 0x0000000100000000)
  eden space 10240K, 0% used [0x00000000d5580000,0x00000000d5580000,0x00000000d5f80000)
  from space 512K, 84% used [0x00000000d6200000,0x00000000d626c030,0x00000000d6280000)
  to   space 512K, 0% used [0x00000000d6080000,0x00000000d6080000,0x00000000d6100000)
 ParOldGen       total 184320K, used 182864K [0x0000000080000000, 0x000000008b400000, 0x00000000d5580000)
  object space 184320K, 99% used [0x0000000080000000,0x000000008b294048,0x000000008b400000)
 Metaspace       used 74220K, committed 75776K, reserved 1179648K
  class space    used 7928K, committed 8576K, reserved 1048576K
}
Event: 138.685 GC heap before
{Heap before GC invocations=178 (full 3):
 PSYoungGen      total 10752K, used 10672K [0x00000000d5580000, 0x00000000d6280000, 0x0000000100000000)
  eden space 10240K, 100% used [0x00000000d5580000,0x00000000d5f80000,0x00000000d5f80000)
  from space 512K, 84% used [0x00000000d6200000,0x00000000d626c030,0x00000000d6280000)
  to   space 512K, 0% used [0x00000000d6080000,0x00000000d6080000,0x00000000d6100000)
 ParOldGen       total 207872K, used 205904K [0x0000000080000000, 0x000000008cb00000, 0x00000000d5580000)
  object space 207872K, 99% used [0x0000000080000000,0x000000008c914068,0x000000008cb00000)
 Metaspace       used 74239K, committed 75776K, reserved 1179648K
  class space    used 7928K, committed 8576K, reserved 1048576K
}
Event: 138.685 GC heap after
{Heap after GC invocations=178 (full 3):
 PSYoungGen      total 10752K, used 256K [0x00000000d5580000, 0x00000000d6280000, 0x0000000100000000)
  eden space 10240K, 0% used [0x00000000d5580000,0x00000000d5580000,0x00000000d5f80000)
  from space 512K, 50% used [0x00000000d6080000,0x00000000d60c0000,0x00000000d6100000)
  to   space 512K, 0% used [0x00000000d6200000,0x00000000d6200000,0x00000000d6280000)
 ParOldGen       total 207872K, used 206104K [0x0000000080000000, 0x000000008cb00000, 0x00000000d5580000)
  object space 207872K, 99% used [0x0000000080000000,0x000000008c946228,0x000000008cb00000)
 Metaspace       used 74239K, committed 75776K, reserved 1179648K
  class space    used 7928K, committed 8576K, reserved 1048576K
}
Event: 206.304 GC heap before
{Heap before GC invocations=179 (full 3):
 PSYoungGen      total 10752K, used 10496K [0x00000000d5580000, 0x00000000d6280000, 0x0000000100000000)
  eden space 10240K, 100% used [0x00000000d5580000,0x00000000d5f80000,0x00000000d5f80000)
  from space 512K, 50% used [0x00000000d6080000,0x00000000d60c0000,0x00000000d6100000)
  to   space 512K, 0% used [0x00000000d6200000,0x00000000d6200000,0x00000000d6280000)
 ParOldGen       total 271360K, used 267544K [0x0000000080000000, 0x0000000090900000, 0x00000000d5580000)
  object space 271360K, 98% used [0x0000000080000000,0x0000000090546288,0x0000000090900000)
 Metaspace       used 74344K, committed 75840K, reserved 1179648K
  class space    used 7928K, committed 8576K, reserved 1048576K
}
Event: 206.305 GC heap after
{Heap after GC invocations=179 (full 3):
 PSYoungGen      total 10752K, used 416K [0x00000000d5580000, 0x00000000d6280000, 0x0000000100000000)
  eden space 10240K, 0% used [0x00000000d5580000,0x00000000d5580000,0x00000000d5f80000)
  from space 512K, 81% used [0x00000000d6200000,0x00000000d6268000,0x00000000d6280000)
  to   space 512K, 0% used [0x00000000d6080000,0x00000000d6080000,0x00000000d6100000)
 ParOldGen       total 271360K, used 267584K [0x0000000080000000, 0x0000000090900000, 0x00000000d5580000)
  object space 271360K, 98% used [0x0000000080000000,0x0000000090550288,0x0000000090900000)
 Metaspace       used 74344K, committed 75840K, reserved 1179648K
  class space    used 7928K, committed 8576K, reserved 1048576K
}
Event: 357.834 GC heap before
{Heap before GC invocations=180 (full 3):
 PSYoungGen      total 10752K, used 10656K [0x00000000d5580000, 0x00000000d6280000, 0x0000000100000000)
  eden space 10240K, 100% used [0x00000000d5580000,0x00000000d5f80000,0x00000000d5f80000)
  from space 512K, 81% used [0x00000000d6200000,0x00000000d6268000,0x00000000d6280000)
  to   space 512K, 0% used [0x00000000d6080000,0x00000000d6080000,0x00000000d6100000)
 ParOldGen       total 334848K, used 329024K [0x0000000080000000, 0x0000000094700000, 0x00000000d5580000)
  object space 334848K, 98% used [0x0000000080000000,0x00000000941502e8,0x0000000094700000)
 Metaspace       used 74479K, committed 76160K, reserved 1179648K
  class space    used 7941K, committed 8704K, reserved 1048576K
}
Event: 357.836 GC heap after
{Heap after GC invocations=180 (full 3):
 PSYoungGen      total 10752K, used 288K [0x00000000d5580000, 0x00000000d6280000, 0x0000000100000000)
  eden space 10240K, 0% used [0x00000000d5580000,0x00000000d5580000,0x00000000d5f80000)
  from space 512K, 56% used [0x00000000d6080000,0x00000000d60c8000,0x00000000d6100000)
  to   space 512K, 0% used [0x00000000d6200000,0x00000000d6200000,0x00000000d6280000)
 ParOldGen       total 334848K, used 329072K [0x0000000080000000, 0x0000000094700000, 0x00000000d5580000)
  object space 334848K, 98% used [0x0000000080000000,0x000000009415c2e8,0x0000000094700000)
 Metaspace       used 74479K, committed 76160K, reserved 1179648K
  class space    used 7941K, committed 8704K, reserved 1048576K
}
Event: 1162.979 GC heap before
{Heap before GC invocations=181 (full 3):
 PSYoungGen      total 10752K, used 10528K [0x00000000d5580000, 0x00000000d6280000, 0x0000000100000000)
  eden space 10240K, 100% used [0x00000000d5580000,0x00000000d5f80000,0x00000000d5f80000)
  from space 512K, 56% used [0x00000000d6080000,0x00000000d60c8000,0x00000000d6100000)
  to   space 512K, 0% used [0x00000000d6200000,0x00000000d6200000,0x00000000d6280000)
 ParOldGen       total 334848K, used 329072K [0x0000000080000000, 0x0000000094700000, 0x00000000d5580000)
  object space 334848K, 98% used [0x0000000080000000,0x000000009415c2e8,0x0000000094700000)
 Metaspace       used 74804K, committed 76480K, reserved 1179648K
  class space    used 7969K, committed 8704K, reserved 1048576K
}
Event: 1162.987 GC heap after
{Heap after GC invocations=181 (full 3):
 PSYoungGen      total 10752K, used 480K [0x00000000d5580000, 0x00000000d6480000, 0x0000000100000000)
  eden space 10240K, 0% used [0x00000000d5580000,0x00000000d5580000,0x00000000d5f80000)
  from space 512K, 93% used [0x00000000d6200000,0x00000000d6278370,0x00000000d6280000)
  to   space 2560K, 0% used [0x00000000d5f80000,0x00000000d5f80000,0x00000000d6200000)
 ParOldGen       total 334848K, used 330625K [0x0000000080000000, 0x0000000094700000, 0x00000000d5580000)
  object space 334848K, 98% used [0x0000000080000000,0x00000000942e0518,0x0000000094700000)
 Metaspace       used 74804K, committed 76480K, reserved 1179648K
  class space    used 7969K, committed 8704K, reserved 1048576K
}
Event: 1163.026 GC heap before
{Heap before GC invocations=182 (full 3):
 PSYoungGen      total 10752K, used 10720K [0x00000000d5580000, 0x00000000d6480000, 0x0000000100000000)
  eden space 10240K, 100% used [0x00000000d5580000,0x00000000d5f80000,0x00000000d5f80000)
  from space 512K, 93% used [0x00000000d6200000,0x00000000d6278370,0x00000000d6280000)
  to   space 2560K, 0% used [0x00000000d5f80000,0x00000000d5f80000,0x00000000d6200000)
 ParOldGen       total 334848K, used 330625K [0x0000000080000000, 0x0000000094700000, 0x00000000d5580000)
  object space 334848K, 98% used [0x0000000080000000,0x00000000942e0518,0x0000000094700000)
 Metaspace       used 74805K, committed 76480K, reserved 1179648K
  class space    used 7969K, committed 8704K, reserved 1048576K
}
Event: 1163.028 GC heap after
{Heap after GC invocations=182 (full 3):
 PSYoungGen      total 12800K, used 2557K [0x00000000d5580000, 0x00000000d6880000, 0x0000000100000000)
  eden space 10240K, 0% used [0x00000000d5580000,0x00000000d5580000,0x00000000d5f80000)
  from space 2560K, 99% used [0x00000000d5f80000,0x00000000d61ff6d0,0x00000000d6200000)
  to   space 4608K, 0% used [0x00000000d6400000,0x00000000d6400000,0x00000000d6880000)
 ParOldGen       total 334848K, used 331946K [0x0000000080000000, 0x0000000094700000, 0x00000000d5580000)
  object space 334848K, 99% used [0x0000000080000000,0x000000009442a800,0x0000000094700000)
 Metaspace       used 74805K, committed 76480K, reserved 1179648K
  class space    used 7969K, committed 8704K, reserved 1048576K
}
Event: 1163.152 GC heap before
{Heap before GC invocations=183 (full 3):
 PSYoungGen      total 12800K, used 12797K [0x00000000d5580000, 0x00000000d6880000, 0x0000000100000000)
  eden space 10240K, 100% used [0x00000000d5580000,0x00000000d5f80000,0x00000000d5f80000)
  from space 2560K, 99% used [0x00000000d5f80000,0x00000000d61ff6d0,0x00000000d6200000)
  to   space 4608K, 0% used [0x00000000d6400000,0x00000000d6400000,0x00000000d6880000)
 ParOldGen       total 334848K, used 331946K [0x0000000080000000, 0x0000000094700000, 0x00000000d5580000)
  object space 334848K, 99% used [0x0000000080000000,0x000000009442a800,0x0000000094700000)
 Metaspace       used 74981K, committed 76672K, reserved 1179648K
  class space    used 8004K, committed 8768K, reserved 1048576K
}
Event: 1163.156 GC heap after
{Heap after GC invocations=183 (full 3):
 PSYoungGen      total 13824K, used 3181K [0x00000000d5580000, 0x00000000d6780000, 0x0000000100000000)
  eden space 10240K, 0% used [0x00000000d5580000,0x00000000d5580000,0x00000000d5f80000)
  from space 3584K, 88% used [0x00000000d6400000,0x00000000d671b788,0x00000000d6780000)
  to   space 3584K, 0% used [0x00000000d6080000,0x00000000d6080000,0x00000000d6400000)
 ParOldGen       total 334848K, used 334472K [0x0000000080000000, 0x0000000094700000, 0x00000000d5580000)
  object space 334848K, 99% used [0x0000000080000000,0x00000000946a2128,0x0000000094700000)
 Metaspace       used 74981K, committed 76672K, reserved 1179648K
  class space    used 8004K, committed 8768K, reserved 1048576K
}

